<?xml version="1.0" encoding="UTF-8"?>
<!-- Generated by org.testng.reporters.JUnitReportReporter -->
<testsuite hostname="LAPTOP-HFHNGQJ4" failures="0" tests="3" name="TestNg.AutomateWebApp" time="141.259" errors="0" timestamp="2022-10-08T16:28:24 IST" skipped="0">
  <testcase classname="TestNg.AutomateWebApp" name="register" time="25.602"/>
  <system-out/>
  <testcase classname="TestNg.AutomateWebApp" name="login" time="20.991"/>
  <system-out/>
  <testcase classname="TestNg.AutomateWebApp" name="search" time="94.666"/>
  <system-out/>
</testsuite> <!-- TestNg.AutomateWebApp -->
